<?xml version="1.0" encoding="UTF-8"?>
<!-- Generated by org.testng.reporters.JUnitXMLReporter -->
<testsuite hostname="DESKTOP-P9RS1G1" ignored="1" name="Test" tests="3" failures="0" timestamp="03 Apr 2022 15:08:17 GMT" time="13.077" errors="0">
  <testcase name="CreditCardLoanTest" time="0.004" classname="testng.CardTest"/>
  <testcase name="LoginTestcase1" time="5.44" classname="testng.LoginTest"/>
  <testcase name="HomeLoanTest" time="0.0" classname="testng.LoanTest"/>
  <testcase name="CarLoanTest" time="0.0" classname="testng.LoanTest">
    <ignored/>
  </testcase> <!-- CarLoanTest -->
</testsuite> <!-- Test -->
