<?xml version="1.0" encoding="UTF-8"?>
<!-- Generated by org.testng.reporters.JUnitXMLReporter -->
<testsuite hostname="DESKTOP-P9RS1G1" ignored="1" name="Test" tests="3" failures="0" timestamp="06 Apr 2022 22:39:28 GMT" time="14.638" errors="0">
  <testcase name="CreditCardLoanTest" time="0.005" classname="testng.CardTest"/>
  <testcase name="LoginTestcase1" time="6.758" classname="testng.LoginTest"/>
  <testcase name="HomeLoanTest" time="0.002" classname="testng.LoanTest"/>
  <testcase name="CarLoanTest" time="0.0" classname="testng.LoanTest">
    <ignored/>
  </testcase> <!-- CarLoanTest -->
</testsuite> <!-- Test -->
